         w _ITM_deregisterTMCloneTable
         w _ITM_registerTMCloneTable
         w _Jv_RegisterClasses
         w __deregister_frame_info
         w __register_frame_info
00000000 b .LANCHOR1
00000000 b _TLS_MODULE_BASE_
00000000 a shift
00000000 00002000 b tmp_buffer.6528
00001ff8 b .LANCHOR2
00002000 00000401 b __fixedpath
00002404 00000802 b __utf16path
00002c08 00000802 b __utf16path_old.6599
00100000 T __start__
00100000 T _start
00100008 T __service_ptr
0010000c T __apt_appid
00100010 T __heap_size
00100014 T __linear_heap_size
00100018 T __system_arglist
0010001c T __system_runflags
00100020 t startup
00100058 t ClearMem
0010006c t ClrLoop
00100094 T _init
001000ac t deregister_tm_clones
001000dc t register_tm_clones
00100114 t __do_global_dtors_aux
00100158 t frame_dummy
001001b4 T initSystem
001001f8 T __ctru_exit
00100228 00000390 T strcmp
001005c0 00000008 t null_write
001005c8 00000018 T setDefaultDevice
001005e0 000000bc T FindDevice
0010069c 0000002c T RemoveDevice
001006c8 00000098 T AddDevice
00100760 00000024 T GetDeviceOpTab
00100784 00000070 T _sbrk_r
001007f4 000001bc T _concatenate_path
001009b0 00000154 T chdir
00100b04 000000a0 T getcwd
00100ba4 00000018 T __libc_lock_init
00100bbc 00000018 T __libc_lock_acquire
00100bd4 00000024 T __libc_lock_try_acquire
00100bf8 00000018 T __libc_lock_release
00100c10 00000018 T __libc_lock_close
00100c28 00000018 T __libc_lock_init_recursive
00100c40 00000018 T __libc_lock_acquire_recursive
00100c58 00000024 T __libc_lock_try_acquire_recursive
00100c7c 00000018 T __libc_lock_release_recursive
00100c94 00000018 T __libc_lock_close_recursive
00100cac 00000028 T __getreent
00100cd4 t .udivsi3_skip_div0_test
00100cd4 T __aeabi_uidiv
00100cd4 000001ec T __udivsi3
00100ec0 00000020 T __aeabi_uidivmod
00100ee0 00000004 W __aeabi_idiv0
00100ee0 00000004 W __aeabi_ldiv0
00100ee8 000001a0 t sceneRender
00101088 00000310 T main
00101398 00000028 T AttrInfo_Init
001013c0 000000a4 T AttrInfo_AddLoader
00101464 00000024 T C3D_GetAttrInfo
00101488 00000080 T C3Di_AttrInfoBind
00101508 00000068 t C3Di_AptEventHook
00101570 00000154 T C3D_Init
001016c4 00000098 T C3D_SetViewport
0010175c 00000580 T C3Di_UpdateContext
00101cdc 000000cc T C3Di_FinalizeFrame
00101da8 00000048 T C3D_Fini
00101df0 000000d4 T C3D_BindProgram
00101ec4 00000020 T BufInfo_Init
00101ee4 00000084 T BufInfo_Add
00101f68 00000024 T C3D_GetBufInfo
00101f8c 00000048 T C3Di_BufInfoBind
00101fd4 00000148 T C3D_DrawArrays
0010211c 0000003c T C3D_DepthMap
00102158 0000001c T C3D_CullFace
00102174 0000003c T C3D_StencilTest
001021b0 00000024 T C3D_StencilOp
001021d4 0000001c T C3D_BlendingColor
001021f0 00000028 T C3D_DepthTest
00102218 00000028 T C3D_AlphaTest
00102240 00000050 T C3D_AlphaBlend
00102290 00000030 T C3D_FragOpMode
001022c0 0000011c T C3Di_EffectBind
001023dc 000000b4 T C3D_ImmSendAttrib
00102490 000000d0 T C3Di_LightMtlBlend
00102560 0000006c T C3D_LightInit
001025cc 0000001c T C3D_LightColor
001025e8 0000005c T C3D_LightPosition
00102644 00000094 t C3Di_LightEnvDirty
001026d8 00000054 t C3Di_LightLutUpload
0010272c 00000314 t C3Di_LightEnvUpdate
00102a40 00000058 T C3D_LightEnvInit
00102a98 0000002c T C3D_LightEnvBind
00102ac4 00000088 T C3D_LightEnvMaterial
00102b4c 000000a0 T C3D_LightEnvLut
00102bec 000000b0 T LightLut_FromArray
00102c9c 000000d4 T LightLut_FromFunc
00102d70 000000a4 T C3D_RenderBufInit
00102e14 00000080 T C3D_RenderBufClearAsync
00102e94 00000028 T C3D_RenderBufTransferAsync
00102ebc 00000038 T C3D_RenderBufBind
00102ef4 00000168 T C3Di_RenderBufBind
0010305c 00000018 T C3D_RenderBufDelete
00103074 00000038 t C3Di_RenderQueueInit
001030ac 00000074 t performTransfer
00103120 00000044 t transferTarget
00103164 00000024 t onVBlank1
00103188 0000003c t performClear
001031c4 00000040 t clearTarget
00103204 0000008c t onVBlank0
00103290 000000c0 t updateFrameQueue.part.0
00103350 000000e0 t onRenderFinish
00103430 00000018 t onClearDone.part.2
00103430 00000018 t onTransferFinish.part.1
00103448 00000074 t onTransferFinish
001034bc 00000040 t onClearDone
001034fc 00000064 T C3D_FrameBegin
00103560 00000078 T C3D_FrameDrawOn
001035d8 000000d0 T C3D_FrameEnd
001036a8 000000e4 T C3D_RenderTargetCreate
0010378c 00000070 T C3D_RenderTargetDelete
001037fc 00000090 t C3Di_RenderQueueExit
0010388c 00000050 T C3D_RenderTargetSetClear
001038dc 00000058 T C3D_RenderTargetSetOutput
00103934 00000034 T TexEnv_Init
00103968 00000034 T C3D_GetTexEnv
0010399c 00000024 T C3Di_TexEnvBind
001039c0 000000a0 T C3D_TexInitVRAM
00103a60 0000003c T C3D_TexDelete
00103a9c 000002a8 T C3D_UpdateUniforms
00103d44 000000c0 T C3Di_DirtyUniforms
00103e04 000000d4 T C3Di_LoadShaderUniforms
00103ed8 00000028 T C3Di_ClearShaderUniforms
00103f00 0000002c T Mtx_Identity
00103f2c 000000fc T Mtx_PerspStereoTilt
00104028 000000bc T Mtx_RotateX
001040e4 000000bc T Mtx_RotateY
001041a0 000000bc T Mtx_RotateZ
0010425c 00000080 T Mtx_Translate
001042dc 00000070 T Mtx_Multiply
0010434c 00000024 t addrMapNodeComparator(rbtree_node const*, rbtree_node const*)
00104370 00000004 t addrMapNodeDestructor(rbtree_node*)
00104374 00000140 T linearMemAlign
001044b4 00000008 T linearAlloc
001044bc 00000050 T linearFree
0010450c 000000a0 T MemPool::CoalesceRight(MemBlock*)
001045ac 0000018c T MemPool::Allocate(MemChunk&, unsigned long, int)
00104738 00000104 T MemPool::Deallocate(MemChunk const&)
0010483c 00000024 t addrMapNodeComparator(rbtree_node const*, rbtree_node const*)
00104860 00000004 t addrMapNodeDestructor(rbtree_node*)
00104864 00000130 T vramMemAlign
00104994 00000008 T vramAlloc
0010499c 00000050 T vramFree
001049ec 0000008c t gfxSetFramebufferInfo.part.0
00104a78 00000010 T gfxSet3D
00104a88 00000010 T gfxIs3D
00104a98 00000070 T gfxSetFramebufferInfo
00104b08 00000088 T gfxWriteFramebufferInfo
00104b90 000001d0 T gfxInit
00104d60 00000010 T gfxInitDefault
00104d70 000000e0 T gfxExit
00104e50 000000b0 T gfxGetFramebuffer
00104f00 00000070 T gfxConfigScreen
00104f70 00000058 t getSysTime
00104fc8 0000004c T osConvertVirtToPhys
00105014 00000024 T osGetMemRegionUsed
00105038 000000f4 T __libctru_gtod
00105130 00000034 T __ctru_speedup_config
00105164 0000002c T GPUCMD_SetBuffer
00105190 00000040 T GPUCMD_GetBuffer
001051d0 000000e4 T GPUCMD_Add
001052b4 00000098 T GPUCMD_Finalize
0010534c 00000040 T f32tof16
0010538c 00000040 T f32tof24
001053cc 00000040 T f32tof31
0010540c 00000054 T GX_ProcessCommandList
00105460 00000060 T GX_MemoryFill
001054c0 00000050 T GX_DisplayTransfer
00105510 00000054 T GX_FlushCacheRegions
00105564 00000048 t GPU_SetShaderOutmap
001055ac 000000b8 t GPU_SendShaderCode.constprop.0
00105664 00000070 t GPU_SendOperandDescriptors.constprop.1
001056d4 0000023c T shaderInstanceInit
00105910 00000038 T shaderInstanceFree
00105948 00000018 T shaderInstanceGetUniformLocation
00105960 00000018 T shaderProgramInit
00105978 00000030 T shaderProgramFree
001059a8 0000006c T shaderProgramSetVsh
00105a14 00000340 T shaderProgramConfigure
00105d54 0000003c T DVLB_Free
00105d90 00000080 T DVLE_GetUniformRegister
00105e10 00000198 T DVLE_GenerateOutmap
00105fa8 00000198 T DVLB_ParseFile
00106140 00000068 t __apt_initservicehandle
001061a8 00000004 W _aptDebug
001061ac 00000098 T aptInitCaptureInfo
00106244 00000028 T aptWaitStatusEvent
0010626c 00000060 T aptGetMenuAppID
001062cc 00000034 T aptHook
00106300 0000002c T aptUnhook
0010632c 0000006c T aptSetStatus
00106398 00000048 T APT_GetLockHandle
001063e0 00000060 T APT_Initialize
00106440 00000034 T APT_Finalize
00106474 00000048 T APT_InquireNotification
001064bc 0000002c T APT_PrepareToJumpToHomeMenu
001064e8 00000050 T APT_JumpToHomeMenu
00106538 00000034 T APT_PrepareToJumpToApplication
0010656c 00000050 T APT_JumpToApplication
001065bc 00000034 T APT_NotifyToWait
001065f0 0000007c T APT_AppletUtility
0010666c 00000188 T aptAppletUtility_Exit_RetToApp
001067f4 0000003c T aptAppletClosed
00106830 00000114 t aptAppStarted
00106944 00000298 T aptInit
00106bdc 0000006c T APT_ReceiveParameter
00106c48 00000064 T APT_SendParameter
00106cac 00000044 T APT_SendCaptureBufferInfo
00106cf0 00000264 T aptReturnToMenu
00106f54 00000038 T APT_ReplySleepQuery
00106f8c 00000034 T APT_ReplySleepNotificationComplete
00106fc0 000003f4 T aptEventHandler
001073b4 00000034 T APT_PrepareToCloseApplication
001073e8 00000050 T APT_CloseApplication
00107438 000002d0 T aptExit
00107708 0000006c T APT_CheckNew3DS_System
00107774 0000008c T APT_CheckNew3DS
00107800 00000054 T APT_StartLibraryApplet
00107854 00000174 T aptAppletStarted
001079c8 000001a4 T aptMainLoop
00107b6c 00000124 t gspEventThreadMain
00107c90 00000074 T gspInit
00107d04 0000003c T gspExit
00107d40 00000034 T gspSetEventCallback
00107d74 000000d0 T gspInitEventHandler
00107e44 0000005c T gspExitEventHandler
00107ea0 00000058 T gspWaitForEvent
00107ef8 00000058 T gspWaitForAnyEvent
00107f50 00000128 T gspSubmitGxCommand
00108078 0000006c T GSPGPU_SetBufferSwap
001080e4 00000034 T GSPGPU_SetLcdForceBlack
00108118 00000064 T GSPGPU_RegisterInterruptRelayQueue
0010817c 0000002c T GSPGPU_UnregisterInterruptRelayQueue
001081a8 00000048 T GSPGPU_AcquireRight
001081f0 0000002c T GSPGPU_ReleaseRight
0010821c 00000080 T GSPGPU_ImportDisplayCaptureInfo
0010829c 0000002c T GSPGPU_SaveVramSysArea
001082c8 0000002c T GSPGPU_RestoreVramSysArea
001082f4 000000d8 T hidExit
001083cc 00000238 T hidScanInput
00108604 00000010 T hidKeysDown
00108614 00000090 T HIDUSER_GetHandles
001086a4 00000184 T hidInit
00108828 000000b0 T irrstScanInput
001088d8 0000001c T irrstKeysHeld
001088f4 00000050 T IRRST_GetHandles
00108944 00000148 T irrstInit
00108a8c 0000002c T IRRST_Shutdown
00108ab8 000000b0 T irrstExit
00108b68 00000070 T ptmSysmInit
00108bd8 00000034 T ptmSysmExit
00108c0c 00000034 T PTMSYSM_ConfigureNew3DSCPU
00108c40 00000070 T rbtree_find
00108cb0 00000014 T rbtree_init
00108cc4 000001d4 t do_insert
00108e98 00000008 T rbtree_insert
00108ea0 0000035c T rbtree_remove
001091fc 000000ac T rbtree_rotate
001092a8 00000058 t osGetMemRegionSize
00109300 00000124 W __system_allocateHeaps
00109424 000000f4 T __system_initArgv
00109518 00000038 W __libctru_init
00109550 00000030 t __ctru_get_reent
00109580 000000e8 T __system_initSyscalls
00109668 T svcControlMemory
00109688 T svcExitProcess
00109690 T svcCreateThread
001096b0 T svcExitThread
001096b8 T svcCreateEvent
001096cc T svcSignalEvent
001096d4 T svcClearEvent
001096dc T svcMapMemoryBlock
001096e4 T svcUnmapMemoryBlock
001096ec T svcCreateAddressArbiter
00109700 T svcArbitrateAddress
00109718 T svcCloseHandle
00109720 T svcWaitSynchronization
00109728 T svcWaitSynchronizationN
00109750 T svcDuplicateHandle
00109764 T svcGetSystemTick
0010976c T svcGetSystemInfo
00109784 T svcConnectToPort
00109798 T svcSendSyncRequest
001097a0 T svcBreak
001097a8 00000024 t addrMapNodeComparator(rbtree_node const*, rbtree_node const*)
001097cc 00000004 t addrMapNodeDestructor(rbtree_node*)
001097d0 000000f4 T mappableAlloc
001098c4 00000050 T mappableFree
00109914 00000094 T envGetHandle
001099a8 0000004c T envDestroyHandles
001099f4 00000050 T srvExit
00109a44 00000038 T srvRegisterClient
00109a7c 00000070 T srvInit
00109aec 00000068 T srvGetServiceHandleDirect
00109b54 00000038 T srvGetServiceHandle
00109b8c 00000034 t LightLock_Unlock.part.1
00109bc0 0000000c T __sync_init
00109bcc 00000018 T __sync_fini
00109be4 00000018 T LightLock_Init
00109bfc 00000094 T LightLock_Lock
00109c90 00000034 T LightLock_TryLock
00109cc4 00000020 T LightLock_Unlock
00109ce4 00000024 T RecursiveLock_Init
00109d08 00000030 T RecursiveLock_Lock
00109d38 00000058 T RecursiveLock_TryLock
00109d90 00000038 T RecursiveLock_Unlock
00109dc8 000001c8 T threadCreate
00109f90 00000024 T threadJoin
00109fb4 0000006c T threadExit
0010a020 0000003c t _thread_begin
0010a05c 0000008c T rbtree_node_next
0010a0e8 0000001c W __appExit
0010a104 0000001c W __appInit
0010a120 000000a4 W __libctru_exit
0010a1c4 00000010 t sdmc_link
0010a1d4 00000010 t sdmc_dirreset
0010a1e4 00000010 t sdmc_chmod
0010a1f4 00000010 t sdmc_fchmod
0010a204 00000024 t error_cmp
0010a228 00000050 t sdmc_translate_error
0010a278 00000034 t sdmc_fsync
0010a2ac 00000054 t sdmc_ftruncate
0010a300 000000ac t sdmc_statvfs
0010a3ac 00000038 t sdmc_dirclose
0010a3e4 000000e0 t sdmc_dirnext
0010a4c4 00000034 t sdmc_close
0010a4f8 00000074 t sdmc_fstat
0010a56c 000000c0 t sdmc_seek
0010a62c 0000008c t sdmc_read
0010a6b8 00000108 t sdmc_write
0010a7c0 000001b4 t sdmc_utf16path
0010a974 00000080 t sdmc_rmdir
0010a9f4 0000009c t sdmc_diropen
0010aa90 000000a8 t sdmc_chdir
0010ab38 00000084 t sdmc_mkdir
0010abbc 00000138 t sdmc_rename
0010acf4 00000080 t sdmc_unlink
0010ad74 00000120 t sdmc_stat
0010ae94 000001ac t sdmc_open
0010b040 00000134 T sdmcInit
0010b174 00000050 T sdmcExit
0010b1c4 000000c8 T fsInit
0010b28c 00000034 T fsExit
0010b2c0 000000dc T FSUSER_OpenFile
0010b39c 000000b8 T FSUSER_DeleteFile
0010b454 000000f4 T FSUSER_RenameFile
0010b548 000000b8 T FSUSER_DeleteDirectory
0010b600 000000d0 T FSUSER_CreateFile
0010b6d0 000000c0 T FSUSER_CreateDirectory
0010b790 000000f4 T FSUSER_RenameDirectory
0010b884 000000c4 T FSUSER_OpenDirectory
0010b948 000000bc T FSUSER_OpenArchive
0010ba04 00000088 T FSUSER_CloseArchive
0010ba8c 0000008c T FSUSER_GetSdmcArchiveResource
0010bb18 00000064 T FSUSER_IsSdmcWritable
0010bb7c 0000005c T FSFILE_Read
0010bbd8 00000064 T FSFILE_Write
0010bc3c 0000003c T FSFILE_GetSize
0010bc78 0000002c T FSFILE_SetSize
0010bca4 0000003c T FSFILE_Close
0010bce0 00000024 T FSFILE_Flush
0010bd04 00000054 T FSDIR_Read
0010bd58 0000003c T FSDIR_Close
0010bd94 00000138 T decode_utf8
0010becc 000000e4 T utf16_to_utf8
0010bfb0 000000bc T utf8_to_utf16
0010c06c T __aeabi_read_tp
0010c078 00000060 T decode_utf16
0010c0d8 00000068 T encode_utf16
0010c140 00000104 T encode_utf8
0010c244 000000c4 T cosf
0010c308 000000cc T sinf
0010c3d4 00000080 T tanf
0010c458 00000414 T powf
0010c870 000006c8 T __ieee754_powf
0010cf38 000002e0 T __ieee754_rem_pio2f
0010d218 000000ec T __ieee754_sqrtf
0010d304 00000124 T __kernel_cosf
0010d428 00000828 T __kernel_rem_pio2f
0010dc50 000000a0 T __kernel_sinf
0010dcf0 000001f8 T __kernel_tanf
0010dee8 00000008 T matherr
0010def0 0000016c T rint
0010e05c 00000010 T fabsf
0010e06c 00000020 T finitef
0010e08c 000000b8 T floorf
0010e144 0000005c T __fpclassifyf
0010e1a0 0000000c T nanf
0010e1ac 00000118 T scalbnf
0010e2c4 0000001c T copysignf
0010e2e0 00000078 T bsearch
0010e358 00000020 T calloc
0010e378 00000090 T _calloc_r
0010e408 0000000c T __errno
0010e414 0000003c T __libc_fini_array
0010e450 00000078 T __libc_init_array
0010e4c8 00000020 T memalign
0010e4e8 0000015c T _memalign_r
0010e644 00000018 T malloc
0010e65c 00000018 T free
0010e674 000007a8 T _malloc_r
0010ee1c 000000f0 T memcpy
0010ef0c 000000f4 T memset
0010f000 0000000c T __malloc_lock
0010f00c 0000000c T __malloc_unlock
0010f018 0000005c T strlen
0010f074 000000a4 T strncat
0010f118 000000e0 T strncpy
0010f1f8 000000f8 T _malloc_trim_r
0010f2f0 000002e4 T _free_r
0010f5d4 0000015c T strchr
0010f730 0000011c T strncmp
0010f84c 0000005c T strnlen
0010f8a8 00000044 T strrchr
0010f8ec T _fini
00110000 R vshader_shbin
001101d0 R vshader_shbin_end
001101d0 R vshader_shbin_size
001101d4 00000480 r vertex_list
00110654 0000003c r material.9898
001106a0 00000003 r parm.9699
001106a4 00000007 r layer_enabled.9827
001106ac 00000006 r lutIds.9843
001106b4 00000008 r ids.9894
001106bc 00000004 r CSWTCH.7
001106c0 00000005 r colorFmtSizes
001106c8 00000004 r depthFmtSizes
001106cc 00000014 r CSWTCH.2
001106e0 00000014 r CSWTCH.21
001106f4 00000008 r framebufferInfoSt
001106fc 00000024 r CSWTCH.14
00110720 0000000c r __apt_servicenames
0011072c 00000030 r error_table
0011075c 00000068 R dotab_stdnull
001107c4 00000003 R DIRECTORY_PARENT
001107c8 00000002 R DIRECTORY_THIS
001107cc 00000002 R DIRECTORY_SEPARATOR
0011085c 00000080 r npio2_hw
001108dc 00000318 r two_over_pi
00110bf4 0000000c r init_jk
00110c00 0000002c r PIo2
00110c30 00000010 r TWO52
00110c48 00000101 R _ctype_
00110d4c r __EH_FRAME_BEGIN__
00110d4c R __exidx_end
00110d4c R __exidx_start
00111000 00000001 d topFormat
00111001 00000001 d botFormat
00111004 00000008 d doubleBuf
0011100c W __stacksize__
00111010 00000401 d __cwd
00111418 00000018 d sdmcArchive
00111430 00000068 d sdmc_devoptab
00111498 00000004 d defaultDevice
0011149c 00000040 D devoptab_list
001114dc 00001000 d _current_working_directory
001124dc 00000001 D __fdlib_version
001124e0 00000440 d impure_data
00112920 00000004 D _impure_ptr
00112924 00000408 D __malloc_av_
00112d2c 00000004 D __malloc_trim_threshold
00112d30 00000004 D __malloc_sbrk_base
00112d34 0000000c d __malloc_lock_object
00112d40 00000004 D __ctype_ptr__
00112d44 d __JCR_LIST__
00112d44 D __TMC_END__
00112d44 d __TMC_LIST__
00112d44 t __frame_dummy_init_array_entry
00112d44 T __init_array_start
00112d44 B __preinit_array_end
00112d44 B __preinit_array_start
00112d44 D __tdata_lma
00112d44 D __tdata_lma_end
00112d48 t __do_global_dtors_aux_fini_array_entry
00112d48 T __fini_array_start
00112d48 T __init_array_end
00112d4c T __bss_start__
00112d4c T __fini_array_end
00112d4c b completed.6505
00112d50 b object.6510
00112d68 00000040 b projection
00112da8 00000004 b angleX
00112dac 00000004 b angleY
00112db0 00000004 b uLoc_projection
00112db4 00000004 b uLoc_modelView
00112db8 00000004 b vshader_dvlb
00112dbc 00000014 b program
00112dd0 00000004 b vbo_data
00112dd4 000000ac b lightEnv
00112e80 00000400 b lut_Phong
00113280 0000004c b light
001132cc 0000000c b hookCookie
001132d8 00000004 b transferQueue
001132dc 0000000c b linkedTarget
001132e8 00000004 b clearQueue
001132ec 0000004c b temp.10330
00113338 00000001 b queueSwap
0011333c 00000020 b queuedFrame
0011335c 00000001 b queuedState
0011335d 00000001 b queuedCount
0011335e 00000001 b inFrame
00113360 00000004 b lastTarget
00113364 00000004 b firstTarget
00113368 00000018 b C3Di_ShaderFVecData
00113380 000000c0 b C3Di_FVUnifEverDirty
00113440 00000008 b C3Di_IVUnifEverDirty
00113448 00000008 b sLinearPool
00113450 0000000c b sAddrMap
0011345c 00000008 b sVramPool
00113464 0000000c b sAddrMap
00113470 00000001 b enable3d
00113474 00000004 b screenFree
00113478 00000002 b currentBuffer
0011347c 00000001 V __ctru_speedup
00113480 00000004 b __apt_servicestr
00113484 0000000c b aptFirstHook
00113490 00000001 B aptStatus
00113494 00000004 b aptRefCount
00113498 00000002 b __apt_launchapplet_appID
0011349c 00000020 b __ns_capinfo
001134bc 00000001 B aptStatusBeforeSleep
001134c0 00000004 b __apt_launchapplet_parambuf
001134c4 00000004 b __apt_launchapplet_parambufsize
001134c8 00000004 b __apt_new3dsflag_initialized
001134cc 00000001 b __apt_new3dsflag
001134d0 00000004 b __apt_launchapplet_inhandle
001134d4 00000004 b gspEvent
001134d8 00000004 b gspEventData
001134dc 00000004 b gspRefCount
001134e0 00000004 b hidRefCount
001134e4 00000004 b kOld
001134e8 00000004 b kHeld
001134ec 00000004 b cPos
001134f0 00000004 b tPos
001134f4 00000006 b aVec
001134fc 00000006 b gRate
00113504 00000004 b kDown
00113508 00000004 b kUp
0011350c 00000004 b irrstRefCount
00113510 00000004 b kHeld
00113514 00000004 b csPos
00113518 00000004 b ptmSysmRefCount
0011351c 00000004 b ptmSysmHandle
00113520 b saved_stack
00113528 00000008 b sMappablePool
00113530 0000000c b sAddrMap
0011353c 00000004 b srvRefCount
00113540 00000004 b srvHandle
00113544 00000004 b arbiter
00113548 00000001 b sdmcInitialised
0011354c 00000004 b fsuRefCount
00113550 00000004 b fsuHandle
00113554 00000004 b heap_start.5704
00113558 00000004 B fake_heap_start
0011355c 00000004 B fake_heap_end
00113560 00001000 b temp_cwd
00114560 00000038 B __syscalls
00114598 00000004 B __malloc_max_total_mem
0011459c 00000004 B __malloc_max_sbrked_mem
001145a0 00000004 B __malloc_top_pad
001145a4 00000028 B __malloc_current_mallinfo
001145d0 00000268 B __C3D_Context
00114838 00000020 B C3D_IVUnif
00114858 000000c0 B C3D_FVUnifDirty
00114918 00000002 B C3D_BoolUnifsDirty
0011491c 00000008 B C3D_IVUnifDirty
00114924 00000004 B C3D_BoolUnifs
00114928 00000c00 B C3D_FVUnif
00115528 00000008 B gfxBottomFramebuffers
00115530 00000004 B gspSharedMemHandle
00115534 0000001c B bottomFramebufferInfo
00115550 00000004 B gspEvent
00115554 00000008 B gfxTopLeftFramebuffers
0011555c 00000008 B gfxTopRightFramebuffers
00115564 0000001c B topFramebufferInfo
00115580 00000001 B gfxThreadID
00115584 00000004 B gfxSharedMemory
00115588 00000004 B gpuCmdBuf
0011558c 00000004 B gpuCmdBufOffset
00115590 00000004 B gpuCmdBufSize
00115594 00000004 B gxCmdBuf
00115598 00000004 B aptEventHandlerThread
0011559c 00000004 B aptSleepSync
001155a0 00001000 B aptParameters
001165a0 00000004 B aptuHandle
001165a4 0000000c B aptEvents
001165b0 00000004 B aptStatusEvent
001165b4 00000004 B aptStatusPower
001165b8 00000004 B aptStatusMutex
001165bc 00000004 B aptLockHandle
001165c0 00000002 B currentAppId
001165c4 00000007 B gspEventCbOneShot
001165cc 0000001c B gspEventCb
001165e8 00000004 B gspGpuHandle
001165ec 00000004 B gspEventThread
001165f0 0000001c B gspEventCounts
0011660c 0000001c B gspEvents
00116628 00000001 B gspRunEvents
0011662c 0000001c B gspEventCbData
00116648 00000004 B hidMemHandle
0011664c 00000004 B hidHandle
00116650 00000004 B hidSharedMem
00116654 00000014 B hidEvents
00116668 00000004 B irrstHandle
0011666c 00000004 B irrstEvent
00116670 00000004 B irrstMemHandle
00116674 00000004 B irrstSharedMem
00116678 00000004 B __ctru_heap_size
0011667c 00000004 B __ctru_linear_heap
00116680 00000004 B __ctru_heap
00116684 00000004 B __ctru_linear_heap_size
00116688 00000004 B __system_argv
0011668c 00000004 B __system_argc
00116690 00000004 B __system_retAddr
00116694 B __tls_start
00119aa0 B __bss_end__
00119aa0 A __end__
00119aa0 B __tls_end
