         w _ITM_deregisterTMCloneTable
         w _ITM_registerTMCloneTable
         w _Jv_RegisterClasses
         w __deregister_frame_info
         w __register_frame_info
00000000 b .LANCHOR1
00000000 b _TLS_MODULE_BASE_
00000000 a shift
00000000 00002000 b tmp_buffer.6528
00001ff8 b .LANCHOR2
00002000 00000401 b __fixedpath
00002404 00000802 b __utf16path
00002c08 00000802 b __utf16path_old.6599
00100000 T __start__
00100000 T _start
00100008 T __service_ptr
0010000c T __apt_appid
00100010 T __heap_size
00100014 T __linear_heap_size
00100018 T __system_arglist
0010001c T __system_runflags
00100020 t startup
00100058 t ClearMem
0010006c t ClrLoop
00100094 T _init
001000ac t deregister_tm_clones
001000dc t register_tm_clones
00100114 t __do_global_dtors_aux
00100158 t frame_dummy
001001b4 T initSystem
001001f8 T __ctru_exit
00100218 00000008 t null_write
00100220 00000018 T setDefaultDevice
00100238 000000bc T FindDevice
001002f4 0000002c T RemoveDevice
00100320 00000098 T AddDevice
001003b8 00000024 T GetDeviceOpTab
001003dc 00000070 T _sbrk_r
0010044c 000001bc T _concatenate_path
00100608 00000154 T chdir
0010075c 000000a0 T getcwd
001007fc 00000018 T __libc_lock_init
00100814 00000018 T __libc_lock_acquire
0010082c 00000024 T __libc_lock_try_acquire
00100850 00000018 T __libc_lock_release
00100868 00000018 T __libc_lock_close
00100880 00000018 T __libc_lock_init_recursive
00100898 00000018 T __libc_lock_acquire_recursive
001008b0 00000024 T __libc_lock_try_acquire_recursive
001008d4 00000018 T __libc_lock_release_recursive
001008ec 00000018 T __libc_lock_close_recursive
00100904 00000028 T __getreent
0010092c t .udivsi3_skip_div0_test
0010092c T __aeabi_uidiv
0010092c 000001ec T __udivsi3
00100b18 00000020 T __aeabi_uidivmod
00100b38 00000004 W __aeabi_idiv0
00100b38 00000004 W __aeabi_ldiv0
00100b48 00000390 T strcmp
00100ee0 00000090 T main
00100f70 0000008c t gfxSetFramebufferInfo.part.0
00100ffc 00000070 T gfxSetFramebufferInfo
0010106c 00000088 T gfxWriteFramebufferInfo
001010f4 000001d0 T gfxInit
001012c4 00000010 T gfxInitDefault
001012d4 000000e0 T gfxExit
001013b4 000000b0 T gfxGetFramebuffer
00101464 000000cc T gfxFlushBuffers
00101530 00000070 T gfxConfigScreen
001015a0 00000020 T gfxSwapBuffers
001015c0 00000068 t __apt_initservicehandle
00101628 00000004 W _aptDebug
0010162c 00000098 T aptInitCaptureInfo
001016c4 00000028 T aptWaitStatusEvent
001016ec 00000060 T aptGetMenuAppID
0010174c 0000006c T aptSetStatus
001017b8 00000048 T APT_GetLockHandle
00101800 00000060 T APT_Initialize
00101860 00000034 T APT_Finalize
00101894 00000048 T APT_InquireNotification
001018dc 0000002c T APT_PrepareToJumpToHomeMenu
00101908 00000050 T APT_JumpToHomeMenu
00101958 00000034 T APT_PrepareToJumpToApplication
0010198c 00000050 T APT_JumpToApplication
001019dc 00000034 T APT_NotifyToWait
00101a10 0000007c T APT_AppletUtility
00101a8c 00000188 T aptAppletUtility_Exit_RetToApp
00101c14 0000003c T aptAppletClosed
00101c50 00000114 t aptAppStarted
00101d64 00000298 T aptInit
00101ffc 0000006c T APT_ReceiveParameter
00102068 00000064 T APT_SendParameter
001020cc 00000044 T APT_SendCaptureBufferInfo
00102110 00000264 T aptReturnToMenu
00102374 00000038 T APT_ReplySleepQuery
001023ac 00000034 T APT_ReplySleepNotificationComplete
001023e0 000003f4 T aptEventHandler
001027d4 00000034 T APT_PrepareToCloseApplication
00102808 00000050 T APT_CloseApplication
00102858 000002d0 T aptExit
00102b28 0000006c T APT_CheckNew3DS_System
00102b94 0000008c T APT_CheckNew3DS
00102c20 00000054 T APT_StartLibraryApplet
00102c74 00000174 T aptAppletStarted
00102de8 000001a4 T aptMainLoop
00102f8c 00000124 t gspEventThreadMain
001030b0 00000074 T gspInit
00103124 0000003c T gspExit
00103160 000000d0 T gspInitEventHandler
00103230 0000005c T gspExitEventHandler
0010328c 00000058 T gspWaitForEvent
001032e4 0000006c T GSPGPU_SetBufferSwap
00103350 0000004c T GSPGPU_FlushDataCache
0010339c 00000034 T GSPGPU_SetLcdForceBlack
001033d0 00000064 T GSPGPU_RegisterInterruptRelayQueue
00103434 0000002c T GSPGPU_UnregisterInterruptRelayQueue
00103460 00000048 T GSPGPU_AcquireRight
001034a8 0000002c T GSPGPU_ReleaseRight
001034d4 00000080 T GSPGPU_ImportDisplayCaptureInfo
00103554 0000002c T GSPGPU_SaveVramSysArea
00103580 0000002c T GSPGPU_RestoreVramSysArea
001035ac 000000d8 T hidExit
00103684 00000238 T hidScanInput
001038bc 00000010 T hidKeysDown
001038cc 00000090 T HIDUSER_GetHandles
0010395c 00000184 T hidInit
00103ae0 000000b0 T irrstScanInput
00103b90 0000001c T irrstKeysHeld
00103bac 00000050 T IRRST_GetHandles
00103bfc 00000148 T irrstInit
00103d44 0000002c T IRRST_Shutdown
00103d70 000000b0 T irrstExit
00103e20 000000f4 T __system_initArgv
00103f14 00000038 W __libctru_init
00103f4c 00000030 t __ctru_get_reent
00103f7c 000000e8 T __system_initSyscalls
00104064 T svcControlMemory
00104084 T svcExitProcess
0010408c T svcCreateThread
001040ac T svcExitThread
001040b4 T svcCreateEvent
001040c8 T svcSignalEvent
001040d0 T svcClearEvent
001040d8 T svcMapMemoryBlock
001040e0 T svcUnmapMemoryBlock
001040e8 T svcCreateAddressArbiter
001040fc T svcArbitrateAddress
00104114 T svcCloseHandle
0010411c T svcWaitSynchronization
00104124 T svcWaitSynchronizationN
0010414c T svcDuplicateHandle
00104160 T svcGetSystemTick
00104168 T svcGetSystemInfo
00104180 T svcConnectToPort
00104194 T svcSendSyncRequest
0010419c T svcBreak
001041a4 00000024 t addrMapNodeComparator(rbtree_node const*, rbtree_node const*)
001041c8 00000004 t addrMapNodeDestructor(rbtree_node*)
001041cc 00000140 T linearMemAlign
0010430c 00000008 T linearAlloc
00104314 00000050 T linearFree
00104364 00000024 t addrMapNodeComparator(rbtree_node const*, rbtree_node const*)
00104388 00000004 t addrMapNodeDestructor(rbtree_node*)
0010438c 000000f4 T mappableAlloc
00104480 00000050 T mappableFree
001044d0 000000a0 T MemPool::CoalesceRight(MemBlock*)
00104570 0000018c T MemPool::Allocate(MemChunk&, unsigned long, int)
001046fc 00000104 T MemPool::Deallocate(MemChunk const&)
00104800 00000024 t addrMapNodeComparator(rbtree_node const*, rbtree_node const*)
00104824 00000004 t addrMapNodeDestructor(rbtree_node*)
00104828 00000130 T vramMemAlign
00104958 00000008 T vramAlloc
00104960 00000050 T vramFree
001049b0 00000094 T envGetHandle
00104a44 0000004c T envDestroyHandles
00104a90 00000058 t getSysTime
00104ae8 00000024 T osGetMemRegionUsed
00104b10 000000f4 T __libctru_gtod
00104c08 00000034 T __ctru_speedup_config
00104c3c 00000050 T srvExit
00104c8c 00000038 T srvRegisterClient
00104cc4 00000070 T srvInit
00104d34 00000068 T srvGetServiceHandleDirect
00104d9c 00000038 T srvGetServiceHandle
00104dd4 00000034 t LightLock_Unlock.part.1
00104e08 0000000c T __sync_init
00104e14 00000018 T __sync_fini
00104e2c 00000018 T LightLock_Init
00104e44 00000094 T LightLock_Lock
00104ed8 00000034 T LightLock_TryLock
00104f0c 00000020 T LightLock_Unlock
00104f2c 00000024 T RecursiveLock_Init
00104f50 00000030 T RecursiveLock_Lock
00104f80 00000058 T RecursiveLock_TryLock
00104fd8 00000038 T RecursiveLock_Unlock
00105010 000001c8 T threadCreate
001051d8 00000024 T threadJoin
001051fc 0000006c T threadExit
00105268 0000003c t _thread_begin
001052a4 00000070 T ptmSysmInit
00105314 00000034 T ptmSysmExit
00105348 00000034 T PTMSYSM_ConfigureNew3DSCPU
0010537c 00000070 T rbtree_find
001053ec 00000014 T rbtree_init
00105400 000001d4 t do_insert
001055d4 00000008 T rbtree_insert
001055dc 0000035c T rbtree_remove
00105938 000000ac T rbtree_rotate
001059e4 00000058 t osGetMemRegionSize
00105a3c 00000124 W __system_allocateHeaps
00105b60 0000001c W __appExit
00105b7c 0000001c W __appInit
00105b98 000000a4 W __libctru_exit
00105c3c 00000010 t sdmc_link
00105c4c 00000010 t sdmc_dirreset
00105c5c 00000010 t sdmc_chmod
00105c6c 00000010 t sdmc_fchmod
00105c7c 00000024 t error_cmp
00105ca0 00000050 t sdmc_translate_error
00105cf0 00000034 t sdmc_fsync
00105d24 00000054 t sdmc_ftruncate
00105d78 000000ac t sdmc_statvfs
00105e24 00000038 t sdmc_dirclose
00105e5c 000000e0 t sdmc_dirnext
00105f3c 00000034 t sdmc_close
00105f70 00000074 t sdmc_fstat
00105fe4 000000c0 t sdmc_seek
001060a4 0000008c t sdmc_read
00106130 00000108 t sdmc_write
00106238 000001b4 t sdmc_utf16path
001063ec 00000080 t sdmc_rmdir
0010646c 0000009c t sdmc_diropen
00106508 000000a8 t sdmc_chdir
001065b0 00000084 t sdmc_mkdir
00106634 00000138 t sdmc_rename
0010676c 00000080 t sdmc_unlink
001067ec 00000120 t sdmc_stat
0010690c 000001ac t sdmc_open
00106ab8 00000134 T sdmcInit
00106bec 00000050 T sdmcExit
00106c3c 000000c8 T fsInit
00106d04 00000034 T fsExit
00106d38 000000dc T FSUSER_OpenFile
00106e14 000000b8 T FSUSER_DeleteFile
00106ecc 000000f4 T FSUSER_RenameFile
00106fc0 000000b8 T FSUSER_DeleteDirectory
00107078 000000d0 T FSUSER_CreateFile
00107148 000000c0 T FSUSER_CreateDirectory
00107208 000000f4 T FSUSER_RenameDirectory
001072fc 000000c4 T FSUSER_OpenDirectory
001073c0 000000bc T FSUSER_OpenArchive
0010747c 00000088 T FSUSER_CloseArchive
00107504 0000008c T FSUSER_GetSdmcArchiveResource
00107590 00000064 T FSUSER_IsSdmcWritable
001075f4 0000005c T FSFILE_Read
00107650 00000064 T FSFILE_Write
001076b4 0000003c T FSFILE_GetSize
001076f0 0000002c T FSFILE_SetSize
0010771c 0000003c T FSFILE_Close
00107758 00000024 T FSFILE_Flush
0010777c 00000054 T FSDIR_Read
001077d0 0000003c T FSDIR_Close
0010780c 0000008c T rbtree_node_next
00107898 00000138 T decode_utf8
001079d0 000000e4 T utf16_to_utf8
00107ab4 000000bc T utf8_to_utf16
00107b70 T __aeabi_read_tp
00107b7c 00000060 T decode_utf16
00107bdc 00000068 T encode_utf16
00107c44 00000104 T encode_utf8
00107d48 00000078 T bsearch
00107dc0 0000003c T __libc_fini_array
00107dfc 00000078 T __libc_init_array
00107e74 00000020 T memalign
00107e94 0000015c T _memalign_r
00107ff0 00000018 T malloc
00108008 00000018 T free
00108020 000007a8 T _malloc_r
001087c8 000000f0 T memcpy
001088b8 000000f4 T memset
001089ac 0000000c T __malloc_lock
001089b8 0000000c T __malloc_unlock
001089c4 0000005c T strlen
00108a20 000000a4 T strncat
00108ac4 000000e0 T strncpy
00108ba4 000000f8 T _malloc_trim_r
00108c9c 000002e4 T _free_r
00108f80 0000015c T strchr
001090dc 0000011c T strncmp
001091f8 0000005c T strnlen
00109254 00000044 T strrchr
00109298 T _fini
0010a000 00000014 r CSWTCH.21
0010a014 00000008 r framebufferInfoSt
0010a01c 0000000c r __apt_servicenames
0010a028 00000030 r error_table
0010a058 00000068 R dotab_stdnull
0010a0c0 00000003 R DIRECTORY_PARENT
0010a0c4 00000002 R DIRECTORY_THIS
0010a0c8 00000002 R DIRECTORY_SEPARATOR
0010a140 00000101 R _ctype_
0010a244 r __EH_FRAME_BEGIN__
0010a244 R __exidx_end
0010a244 R __exidx_start
0010b000 00000001 d topFormat
0010b001 00000001 d botFormat
0010b004 00000008 d doubleBuf
0010b00c W __stacksize__
0010b010 00000401 d __cwd
0010b418 00000018 d sdmcArchive
0010b430 00000068 d sdmc_devoptab
0010b498 00000004 d defaultDevice
0010b49c 00000040 D devoptab_list
0010b4dc 00001000 d _current_working_directory
0010c4e0 00000440 d impure_data
0010c920 00000004 D _impure_ptr
0010c924 00000408 D __malloc_av_
0010cd2c 00000004 D __malloc_trim_threshold
0010cd30 00000004 D __malloc_sbrk_base
0010cd34 0000000c d __malloc_lock_object
0010cd40 00000004 D __ctype_ptr__
0010cd44 d __JCR_LIST__
0010cd44 D __TMC_END__
0010cd44 d __TMC_LIST__
0010cd44 t __frame_dummy_init_array_entry
0010cd44 T __init_array_start
0010cd44 B __preinit_array_end
0010cd44 B __preinit_array_start
0010cd44 D __tdata_lma
0010cd44 D __tdata_lma_end
0010cd48 t __do_global_dtors_aux_fini_array_entry
0010cd48 T __fini_array_start
0010cd48 T __init_array_end
0010cd4c T __bss_start__
0010cd4c T __fini_array_end
0010cd4c b completed.6505
0010cd50 b object.6510
0010cd68 00000001 b enable3d
0010cd6c 00000004 b screenFree
0010cd70 00000002 b currentBuffer
0010cd74 00000004 b __apt_servicestr
0010cd78 0000000c b aptFirstHook
0010cd84 00000001 B aptStatus
0010cd88 00000004 b aptRefCount
0010cd8c 00000002 b __apt_launchapplet_appID
0010cd90 00000020 b __ns_capinfo
0010cdb0 00000001 B aptStatusBeforeSleep
0010cdb4 00000004 b __apt_launchapplet_parambuf
0010cdb8 00000004 b __apt_launchapplet_parambufsize
0010cdbc 00000004 b __apt_new3dsflag_initialized
0010cdc0 00000001 b __apt_new3dsflag
0010cdc4 00000004 b __apt_launchapplet_inhandle
0010cdc8 00000004 b gspEvent
0010cdcc 00000004 b gspEventData
0010cdd0 00000004 b gspRefCount
0010cdd4 00000004 b hidRefCount
0010cdd8 00000004 b kOld
0010cddc 00000004 b kHeld
0010cde0 00000004 b cPos
0010cde4 00000004 b tPos
0010cde8 00000006 b aVec
0010cdf0 00000006 b gRate
0010cdf8 00000004 b kDown
0010cdfc 00000004 b kUp
0010ce00 00000004 b irrstRefCount
0010ce04 00000004 b kHeld
0010ce08 00000004 b csPos
0010ce0c b saved_stack
0010ce14 00000008 b sLinearPool
0010ce1c 0000000c b sAddrMap
0010ce28 00000008 b sMappablePool
0010ce30 0000000c b sAddrMap
0010ce3c 00000008 b sVramPool
0010ce44 0000000c b sAddrMap
0010ce50 00000001 V __ctru_speedup
0010ce54 00000004 b srvRefCount
0010ce58 00000004 b srvHandle
0010ce5c 00000004 b arbiter
0010ce60 00000004 b ptmSysmRefCount
0010ce64 00000004 b ptmSysmHandle
0010ce68 00000001 b sdmcInitialised
0010ce6c 00000004 b fsuRefCount
0010ce70 00000004 b fsuHandle
0010ce74 00000004 b heap_start.5704
0010ce78 00000004 B fake_heap_start
0010ce7c 00000004 B fake_heap_end
0010ce80 00001000 b temp_cwd
0010de80 00000038 B __syscalls
0010deb8 00000004 B __malloc_max_total_mem
0010debc 00000004 B __malloc_max_sbrked_mem
0010dec0 00000004 B __malloc_top_pad
0010dec4 00000028 B __malloc_current_mallinfo
0010deec 00000008 B gfxBottomFramebuffers
0010def4 00000004 B gspSharedMemHandle
0010def8 0000001c B bottomFramebufferInfo
0010df14 00000004 B gspEvent
0010df18 00000008 B gfxTopLeftFramebuffers
0010df20 00000008 B gfxTopRightFramebuffers
0010df28 0000001c B topFramebufferInfo
0010df44 00000001 B gfxThreadID
0010df48 00000004 B gfxSharedMemory
0010df4c 00000004 B gxCmdBuf
0010df50 00000004 B aptEventHandlerThread
0010df54 00000004 B aptSleepSync
0010df58 00001000 B aptParameters
0010ef58 00000004 B aptuHandle
0010ef5c 0000000c B aptEvents
0010ef68 00000004 B aptStatusEvent
0010ef6c 00000004 B aptStatusPower
0010ef70 00000004 B aptStatusMutex
0010ef74 00000004 B aptLockHandle
0010ef78 00000002 B currentAppId
0010ef7c 00000007 B gspEventCbOneShot
0010ef84 0000001c B gspEventCb
0010efa0 00000004 B gspGpuHandle
0010efa4 00000004 B gspEventThread
0010efa8 0000001c B gspEventCounts
0010efc4 0000001c B gspEvents
0010efe0 00000001 B gspRunEvents
0010efe4 0000001c B gspEventCbData
0010f000 00000004 B hidMemHandle
0010f004 00000004 B hidHandle
0010f008 00000004 B hidSharedMem
0010f00c 00000014 B hidEvents
0010f020 00000004 B irrstHandle
0010f024 00000004 B irrstEvent
0010f028 00000004 B irrstMemHandle
0010f02c 00000004 B irrstSharedMem
0010f030 00000004 B __system_argv
0010f034 00000004 B __system_argc
0010f038 00000004 B __system_retAddr
0010f03c 00000004 B __ctru_heap_size
0010f040 00000004 B __ctru_linear_heap
0010f044 00000004 B __ctru_heap
0010f048 00000004 B __ctru_linear_heap_size
0010f04c B __tls_start
00112458 B __bss_end__
00112458 A __end__
00112458 B __tls_end
