         w _ITM_deregisterTMCloneTable
         w _ITM_registerTMCloneTable
         w _Jv_RegisterClasses
         w __deregister_frame_info
         w __register_frame_info
00000000 b .LANCHOR1
00000000 b _TLS_MODULE_BASE_
00000000 a shift
00000000 00002000 b tmp_buffer.6528
00001ff8 b .LANCHOR2
00002000 00000401 b __fixedpath
00002404 00000802 b __utf16path
00002c08 00000802 b __utf16path_old.6599
00100000 T __start__
00100000 T _start
00100008 T __service_ptr
0010000c T __apt_appid
00100010 T __heap_size
00100014 T __linear_heap_size
00100018 T __system_arglist
0010001c T __system_runflags
00100020 t startup
00100058 t ClearMem
0010006c t ClrLoop
00100094 T _init
001000ac t deregister_tm_clones
001000dc t register_tm_clones
00100114 t __do_global_dtors_aux
00100158 t frame_dummy
001001b4 T initSystem
001001f8 T __ctru_exit
00100218 00000008 t null_write
00100220 00000018 T setDefaultDevice
00100238 000000bc T FindDevice
001002f4 0000002c T RemoveDevice
00100320 00000098 T AddDevice
001003b8 00000024 T GetDeviceOpTab
001003dc 00000070 T _sbrk_r
0010044c 000001bc T _concatenate_path
00100608 00000154 T chdir
0010075c 000000a0 T getcwd
001007fc 00000018 T __libc_lock_init
00100814 00000018 T __libc_lock_acquire
0010082c 00000024 T __libc_lock_try_acquire
00100850 00000018 T __libc_lock_release
00100868 00000018 T __libc_lock_close
00100880 00000018 T __libc_lock_init_recursive
00100898 00000018 T __libc_lock_acquire_recursive
001008b0 00000024 T __libc_lock_try_acquire_recursive
001008d4 00000018 T __libc_lock_release_recursive
001008ec 00000018 T __libc_lock_close_recursive
00100904 00000028 T __getreent
0010092c t .udivsi3_skip_div0_test
0010092c T __aeabi_uidiv
0010092c 000001ec T __udivsi3
00100b18 00000020 T __aeabi_uidivmod
00100b38 00000004 W __aeabi_idiv0
00100b38 00000004 W __aeabi_ldiv0
00100b48 00000390 T strcmp
00100ee0 00000084 T main
00100f64 0000008c t gfxSetFramebufferInfo.part.0
00100ff0 00000070 T gfxSetFramebufferInfo
00101060 00000088 T gfxWriteFramebufferInfo
001010e8 000001d0 T gfxInit
001012b8 00000010 T gfxInitDefault
001012c8 000000e0 T gfxExit
001013a8 000000b0 T gfxGetFramebuffer
00101458 000000cc T gfxFlushBuffers
00101524 00000070 T gfxConfigScreen
00101594 00000020 T gfxSwapBuffers
001015b4 00000068 t __apt_initservicehandle
0010161c 00000004 W _aptDebug
00101620 00000098 T aptInitCaptureInfo
001016b8 00000028 T aptWaitStatusEvent
001016e0 00000060 T aptGetMenuAppID
00101740 0000006c T aptSetStatus
001017ac 00000048 T APT_GetLockHandle
001017f4 00000060 T APT_Initialize
00101854 00000034 T APT_Finalize
00101888 00000048 T APT_InquireNotification
001018d0 0000002c T APT_PrepareToJumpToHomeMenu
001018fc 00000050 T APT_JumpToHomeMenu
0010194c 00000034 T APT_PrepareToJumpToApplication
00101980 00000050 T APT_JumpToApplication
001019d0 00000034 T APT_NotifyToWait
00101a04 0000007c T APT_AppletUtility
00101a80 00000188 T aptAppletUtility_Exit_RetToApp
00101c08 0000003c T aptAppletClosed
00101c44 00000114 t aptAppStarted
00101d58 00000298 T aptInit
00101ff0 0000006c T APT_ReceiveParameter
0010205c 00000064 T APT_SendParameter
001020c0 00000044 T APT_SendCaptureBufferInfo
00102104 00000264 T aptReturnToMenu
00102368 00000038 T APT_ReplySleepQuery
001023a0 00000034 T APT_ReplySleepNotificationComplete
001023d4 000003f4 T aptEventHandler
001027c8 00000034 T APT_PrepareToCloseApplication
001027fc 00000050 T APT_CloseApplication
0010284c 000002d0 T aptExit
00102b1c 0000006c T APT_CheckNew3DS_System
00102b88 0000008c T APT_CheckNew3DS
00102c14 00000054 T APT_StartLibraryApplet
00102c68 00000174 T aptAppletStarted
00102ddc 000001a4 T aptMainLoop
00102f80 00000124 t gspEventThreadMain
001030a4 00000074 T gspInit
00103118 0000003c T gspExit
00103154 000000d0 T gspInitEventHandler
00103224 0000005c T gspExitEventHandler
00103280 00000058 T gspWaitForEvent
001032d8 0000006c T GSPGPU_SetBufferSwap
00103344 0000004c T GSPGPU_FlushDataCache
00103390 00000034 T GSPGPU_SetLcdForceBlack
001033c4 00000064 T GSPGPU_RegisterInterruptRelayQueue
00103428 0000002c T GSPGPU_UnregisterInterruptRelayQueue
00103454 00000048 T GSPGPU_AcquireRight
0010349c 0000002c T GSPGPU_ReleaseRight
001034c8 00000080 T GSPGPU_ImportDisplayCaptureInfo
00103548 0000002c T GSPGPU_SaveVramSysArea
00103574 0000002c T GSPGPU_RestoreVramSysArea
001035a0 000000d8 T hidExit
00103678 00000238 T hidScanInput
001038b0 00000010 T hidKeysDown
001038c0 00000090 T HIDUSER_GetHandles
00103950 00000184 T hidInit
00103ad4 000000b0 T irrstScanInput
00103b84 0000001c T irrstKeysHeld
00103ba0 00000050 T IRRST_GetHandles
00103bf0 00000148 T irrstInit
00103d38 0000002c T IRRST_Shutdown
00103d64 000000b0 T irrstExit
00103e14 000000f4 T __system_initArgv
00103f08 00000038 W __libctru_init
00103f40 00000030 t __ctru_get_reent
00103f70 000000e8 T __system_initSyscalls
00104058 T svcControlMemory
00104078 T svcExitProcess
00104080 T svcCreateThread
001040a0 T svcExitThread
001040a8 T svcCreateEvent
001040bc T svcSignalEvent
001040c4 T svcClearEvent
001040cc T svcMapMemoryBlock
001040d4 T svcUnmapMemoryBlock
001040dc T svcCreateAddressArbiter
001040f0 T svcArbitrateAddress
00104108 T svcCloseHandle
00104110 T svcWaitSynchronization
00104118 T svcWaitSynchronizationN
00104140 T svcDuplicateHandle
00104154 T svcGetSystemTick
0010415c T svcGetSystemInfo
00104174 T svcConnectToPort
00104188 T svcSendSyncRequest
00104190 T svcBreak
00104198 00000024 t addrMapNodeComparator(rbtree_node const*, rbtree_node const*)
001041bc 00000004 t addrMapNodeDestructor(rbtree_node*)
001041c0 00000140 T linearMemAlign
00104300 00000008 T linearAlloc
00104308 00000050 T linearFree
00104358 00000024 t addrMapNodeComparator(rbtree_node const*, rbtree_node const*)
0010437c 00000004 t addrMapNodeDestructor(rbtree_node*)
00104380 000000f4 T mappableAlloc
00104474 00000050 T mappableFree
001044c4 000000a0 T MemPool::CoalesceRight(MemBlock*)
00104564 0000018c T MemPool::Allocate(MemChunk&, unsigned long, int)
001046f0 00000104 T MemPool::Deallocate(MemChunk const&)
001047f4 00000024 t addrMapNodeComparator(rbtree_node const*, rbtree_node const*)
00104818 00000004 t addrMapNodeDestructor(rbtree_node*)
0010481c 00000130 T vramMemAlign
0010494c 00000008 T vramAlloc
00104954 00000050 T vramFree
001049a4 00000094 T envGetHandle
00104a38 0000004c T envDestroyHandles
00104a84 00000058 t getSysTime
00104adc 00000024 T osGetMemRegionUsed
00104b00 000000f4 T __libctru_gtod
00104bf8 00000034 T __ctru_speedup_config
00104c2c 00000050 T srvExit
00104c7c 00000038 T srvRegisterClient
00104cb4 00000070 T srvInit
00104d24 00000068 T srvGetServiceHandleDirect
00104d8c 00000038 T srvGetServiceHandle
00104dc4 00000034 t LightLock_Unlock.part.1
00104df8 0000000c T __sync_init
00104e04 00000018 T __sync_fini
00104e1c 00000018 T LightLock_Init
00104e34 00000094 T LightLock_Lock
00104ec8 00000034 T LightLock_TryLock
00104efc 00000020 T LightLock_Unlock
00104f1c 00000024 T RecursiveLock_Init
00104f40 00000030 T RecursiveLock_Lock
00104f70 00000058 T RecursiveLock_TryLock
00104fc8 00000038 T RecursiveLock_Unlock
00105000 000001c8 T threadCreate
001051c8 00000024 T threadJoin
001051ec 0000006c T threadExit
00105258 0000003c t _thread_begin
00105294 00000070 T ptmSysmInit
00105304 00000034 T ptmSysmExit
00105338 00000034 T PTMSYSM_ConfigureNew3DSCPU
0010536c 00000070 T rbtree_find
001053dc 00000014 T rbtree_init
001053f0 000001d4 t do_insert
001055c4 00000008 T rbtree_insert
001055cc 0000035c T rbtree_remove
00105928 000000ac T rbtree_rotate
001059d4 00000058 t osGetMemRegionSize
00105a2c 00000124 W __system_allocateHeaps
00105b50 0000001c W __appExit
00105b6c 0000001c W __appInit
00105b88 000000a4 W __libctru_exit
00105c2c 00000010 t sdmc_link
00105c3c 00000010 t sdmc_dirreset
00105c4c 00000010 t sdmc_chmod
00105c5c 00000010 t sdmc_fchmod
00105c6c 00000024 t error_cmp
00105c90 00000050 t sdmc_translate_error
00105ce0 00000034 t sdmc_fsync
00105d14 00000054 t sdmc_ftruncate
00105d68 000000ac t sdmc_statvfs
00105e14 00000038 t sdmc_dirclose
00105e4c 000000e0 t sdmc_dirnext
00105f2c 00000034 t sdmc_close
00105f60 00000074 t sdmc_fstat
00105fd4 000000c0 t sdmc_seek
00106094 0000008c t sdmc_read
00106120 00000108 t sdmc_write
00106228 000001b4 t sdmc_utf16path
001063dc 00000080 t sdmc_rmdir
0010645c 0000009c t sdmc_diropen
001064f8 000000a8 t sdmc_chdir
001065a0 00000084 t sdmc_mkdir
00106624 00000138 t sdmc_rename
0010675c 00000080 t sdmc_unlink
001067dc 00000120 t sdmc_stat
001068fc 000001ac t sdmc_open
00106aa8 00000134 T sdmcInit
00106bdc 00000050 T sdmcExit
00106c2c 000000c8 T fsInit
00106cf4 00000034 T fsExit
00106d28 000000dc T FSUSER_OpenFile
00106e04 000000b8 T FSUSER_DeleteFile
00106ebc 000000f4 T FSUSER_RenameFile
00106fb0 000000b8 T FSUSER_DeleteDirectory
00107068 000000d0 T FSUSER_CreateFile
00107138 000000c0 T FSUSER_CreateDirectory
001071f8 000000f4 T FSUSER_RenameDirectory
001072ec 000000c4 T FSUSER_OpenDirectory
001073b0 000000bc T FSUSER_OpenArchive
0010746c 00000088 T FSUSER_CloseArchive
001074f4 0000008c T FSUSER_GetSdmcArchiveResource
00107580 00000064 T FSUSER_IsSdmcWritable
001075e4 0000005c T FSFILE_Read
00107640 00000064 T FSFILE_Write
001076a4 0000003c T FSFILE_GetSize
001076e0 0000002c T FSFILE_SetSize
0010770c 0000003c T FSFILE_Close
00107748 00000024 T FSFILE_Flush
0010776c 00000054 T FSDIR_Read
001077c0 0000003c T FSDIR_Close
001077fc 0000008c T rbtree_node_next
00107888 00000138 T decode_utf8
001079c0 000000e4 T utf16_to_utf8
00107aa4 000000bc T utf8_to_utf16
00107b60 T __aeabi_read_tp
00107b6c 00000060 T decode_utf16
00107bcc 00000068 T encode_utf16
00107c34 00000104 T encode_utf8
00107d38 00000078 T bsearch
00107db0 0000003c T __libc_fini_array
00107dec 00000078 T __libc_init_array
00107e64 00000020 T memalign
00107e84 0000015c T _memalign_r
00107fe0 00000018 T malloc
00107ff8 00000018 T free
00108010 000007a8 T _malloc_r
001087b8 000000f0 T memcpy
001088a8 000000f4 T memset
0010899c 0000000c T __malloc_lock
001089a8 0000000c T __malloc_unlock
001089b4 0000005c T strlen
00108a10 000000a4 T strncat
00108ab4 000000e0 T strncpy
00108b94 000000f8 T _malloc_trim_r
00108c8c 000002e4 T _free_r
00108f70 0000015c T strchr
001090cc 0000011c T strncmp
001091e8 0000005c T strnlen
00109244 00000044 T strrchr
00109288 T _fini
0010a000 00000014 r CSWTCH.21
0010a014 00000008 r framebufferInfoSt
0010a01c 0000000c r __apt_servicenames
0010a028 00000030 r error_table
0010a058 00000068 R dotab_stdnull
0010a0c0 00000003 R DIRECTORY_PARENT
0010a0c4 00000002 R DIRECTORY_THIS
0010a0c8 00000002 R DIRECTORY_SEPARATOR
0010a140 00000101 R _ctype_
0010a244 r __EH_FRAME_BEGIN__
0010a244 R __exidx_end
0010a244 R __exidx_start
0010b000 00000001 d topFormat
0010b001 00000001 d botFormat
0010b004 00000008 d doubleBuf
0010b00c W __stacksize__
0010b010 00000401 d __cwd
0010b418 00000018 d sdmcArchive
0010b430 00000068 d sdmc_devoptab
0010b498 00000004 d defaultDevice
0010b49c 00000040 D devoptab_list
0010b4dc 00001000 d _current_working_directory
0010c4e0 00000440 d impure_data
0010c920 00000004 D _impure_ptr
0010c924 00000408 D __malloc_av_
0010cd2c 00000004 D __malloc_trim_threshold
0010cd30 00000004 D __malloc_sbrk_base
0010cd34 0000000c d __malloc_lock_object
0010cd40 00000004 D __ctype_ptr__
0010cd44 d __JCR_LIST__
0010cd44 D __TMC_END__
0010cd44 d __TMC_LIST__
0010cd44 t __frame_dummy_init_array_entry
0010cd44 T __init_array_start
0010cd44 B __preinit_array_end
0010cd44 B __preinit_array_start
0010cd44 D __tdata_lma
0010cd44 D __tdata_lma_end
0010cd48 t __do_global_dtors_aux_fini_array_entry
0010cd48 T __fini_array_start
0010cd48 T __init_array_end
0010cd4c T __bss_start__
0010cd4c T __fini_array_end
0010cd4c b completed.6505
0010cd50 b object.6510
0010cd68 00000001 b enable3d
0010cd6c 00000004 b screenFree
0010cd70 00000002 b currentBuffer
0010cd74 00000004 b __apt_servicestr
0010cd78 0000000c b aptFirstHook
0010cd84 00000001 B aptStatus
0010cd88 00000004 b aptRefCount
0010cd8c 00000002 b __apt_launchapplet_appID
0010cd90 00000020 b __ns_capinfo
0010cdb0 00000001 B aptStatusBeforeSleep
0010cdb4 00000004 b __apt_launchapplet_parambuf
0010cdb8 00000004 b __apt_launchapplet_parambufsize
0010cdbc 00000004 b __apt_new3dsflag_initialized
0010cdc0 00000001 b __apt_new3dsflag
0010cdc4 00000004 b __apt_launchapplet_inhandle
0010cdc8 00000004 b gspEvent
0010cdcc 00000004 b gspEventData
0010cdd0 00000004 b gspRefCount
0010cdd4 00000004 b hidRefCount
0010cdd8 00000004 b kOld
0010cddc 00000004 b kHeld
0010cde0 00000004 b cPos
0010cde4 00000004 b tPos
0010cde8 00000006 b aVec
0010cdf0 00000006 b gRate
0010cdf8 00000004 b kDown
0010cdfc 00000004 b kUp
0010ce00 00000004 b irrstRefCount
0010ce04 00000004 b kHeld
0010ce08 00000004 b csPos
0010ce0c b saved_stack
0010ce14 00000008 b sLinearPool
0010ce1c 0000000c b sAddrMap
0010ce28 00000008 b sMappablePool
0010ce30 0000000c b sAddrMap
0010ce3c 00000008 b sVramPool
0010ce44 0000000c b sAddrMap
0010ce50 00000001 V __ctru_speedup
0010ce54 00000004 b srvRefCount
0010ce58 00000004 b srvHandle
0010ce5c 00000004 b arbiter
0010ce60 00000004 b ptmSysmRefCount
0010ce64 00000004 b ptmSysmHandle
0010ce68 00000001 b sdmcInitialised
0010ce6c 00000004 b fsuRefCount
0010ce70 00000004 b fsuHandle
0010ce74 00000004 b heap_start.5704
0010ce78 00000004 B fake_heap_start
0010ce7c 00000004 B fake_heap_end
0010ce80 00001000 b temp_cwd
0010de80 00000038 B __syscalls
0010deb8 00000004 B __malloc_max_total_mem
0010debc 00000004 B __malloc_max_sbrked_mem
0010dec0 00000004 B __malloc_top_pad
0010dec4 00000028 B __malloc_current_mallinfo
0010deec 00000008 B gfxBottomFramebuffers
0010def4 00000004 B gspSharedMemHandle
0010def8 0000001c B bottomFramebufferInfo
0010df14 00000004 B gspEvent
0010df18 00000008 B gfxTopLeftFramebuffers
0010df20 00000008 B gfxTopRightFramebuffers
0010df28 0000001c B topFramebufferInfo
0010df44 00000001 B gfxThreadID
0010df48 00000004 B gfxSharedMemory
0010df4c 00000004 B gxCmdBuf
0010df50 00000004 B aptEventHandlerThread
0010df54 00000004 B aptSleepSync
0010df58 00001000 B aptParameters
0010ef58 00000004 B aptuHandle
0010ef5c 0000000c B aptEvents
0010ef68 00000004 B aptStatusEvent
0010ef6c 00000004 B aptStatusPower
0010ef70 00000004 B aptStatusMutex
0010ef74 00000004 B aptLockHandle
0010ef78 00000002 B currentAppId
0010ef7c 00000007 B gspEventCbOneShot
0010ef84 0000001c B gspEventCb
0010efa0 00000004 B gspGpuHandle
0010efa4 00000004 B gspEventThread
0010efa8 0000001c B gspEventCounts
0010efc4 0000001c B gspEvents
0010efe0 00000001 B gspRunEvents
0010efe4 0000001c B gspEventCbData
0010f000 00000004 B hidMemHandle
0010f004 00000004 B hidHandle
0010f008 00000004 B hidSharedMem
0010f00c 00000014 B hidEvents
0010f020 00000004 B irrstHandle
0010f024 00000004 B irrstEvent
0010f028 00000004 B irrstMemHandle
0010f02c 00000004 B irrstSharedMem
0010f030 00000004 B __system_argv
0010f034 00000004 B __system_argc
0010f038 00000004 B __system_retAddr
0010f03c 00000004 B __ctru_heap_size
0010f040 00000004 B __ctru_linear_heap
0010f044 00000004 B __ctru_heap
0010f048 00000004 B __ctru_linear_heap_size
0010f04c B __tls_start
00112458 B __bss_end__
00112458 A __end__
00112458 B __tls_end
