         w _ITM_deregisterTMCloneTable
         w _ITM_registerTMCloneTable
         w _Jv_RegisterClasses
         w __deregister_frame_info
         w __register_frame_info
00000000 b .LANCHOR1
00000000 b _TLS_MODULE_BASE_
00000000 a shift
00000000 00002000 b tmp_buffer.6528
00001ff8 b .LANCHOR2
00002000 00000401 b __fixedpath
00002404 00000802 b __utf16path
00002c08 00000802 b __utf16path_old.6599
00100000 T __start__
00100000 T _start
00100008 T __service_ptr
0010000c T __apt_appid
00100010 T __heap_size
00100014 T __linear_heap_size
00100018 T __system_arglist
0010001c T __system_runflags
00100020 t startup
00100058 t ClearMem
0010006c t ClrLoop
00100094 T _init
001000ac t deregister_tm_clones
001000dc t register_tm_clones
00100114 t __do_global_dtors_aux
00100158 t frame_dummy
001001b4 T initSystem
001001f8 T __ctru_exit
00100228 00000390 T strcmp
001005c0 00000008 t null_write
001005c8 00000018 T setDefaultDevice
001005e0 000000bc T FindDevice
0010069c 0000002c T RemoveDevice
001006c8 00000098 T AddDevice
00100760 00000024 T GetDeviceOpTab
00100784 00000070 T _sbrk_r
001007f4 000001bc T _concatenate_path
001009b0 00000154 T chdir
00100b04 000000a0 T getcwd
00100ba4 00000018 T __libc_lock_init
00100bbc 00000018 T __libc_lock_acquire
00100bd4 00000024 T __libc_lock_try_acquire
00100bf8 00000018 T __libc_lock_release
00100c10 00000018 T __libc_lock_close
00100c28 00000018 T __libc_lock_init_recursive
00100c40 00000018 T __libc_lock_acquire_recursive
00100c58 00000024 T __libc_lock_try_acquire_recursive
00100c7c 00000018 T __libc_lock_release_recursive
00100c94 00000018 T __libc_lock_close_recursive
00100cac 00000028 T __getreent
00100cd4 t .udivsi3_skip_div0_test
00100cd4 T __aeabi_uidiv
00100cd4 000001ec T __udivsi3
00100ec0 00000020 T __aeabi_uidivmod
00100ee0 00000004 W __aeabi_idiv0
00100ee0 00000004 W __aeabi_ldiv0
00100ee4 00000288 T main
0010116c 00000028 T AttrInfo_Init
00101194 000000a4 T AttrInfo_AddLoader
00101238 00000024 T C3D_GetAttrInfo
0010125c 00000080 T C3Di_AttrInfoBind
001012dc 00000068 t C3Di_AptEventHook
00101344 00000154 T C3D_Init
00101498 00000098 T C3D_SetViewport
00101530 00000580 T C3Di_UpdateContext
00101ab0 000000cc T C3Di_FinalizeFrame
00101b7c 00000048 T C3D_Fini
00101bc4 000000d4 T C3D_BindProgram
00101c98 00000048 T C3Di_BufInfoBind
00101ce0 0000003c T C3D_DepthMap
00101d1c 0000001c T C3D_CullFace
00101d38 0000003c T C3D_StencilTest
00101d74 00000024 T C3D_StencilOp
00101d98 0000001c T C3D_BlendingColor
00101db4 00000028 T C3D_DepthTest
00101ddc 00000028 T C3D_AlphaTest
00101e04 00000050 T C3D_AlphaBlend
00101e54 00000030 T C3D_FragOpMode
00101e84 0000011c T C3Di_EffectBind
00101fa0 000000b8 T C3D_ImmDrawBegin
00102058 000000b4 T C3D_ImmSendAttrib
0010210c 00000074 T C3D_ImmDrawEnd
00102180 000000a4 T C3D_RenderBufInit
00102224 00000080 T C3D_RenderBufClearAsync
001022a4 00000028 T C3D_RenderBufTransferAsync
001022cc 00000038 T C3D_RenderBufBind
00102304 00000168 T C3Di_RenderBufBind
0010246c 00000018 T C3D_RenderBufDelete
00102484 00000038 t C3Di_RenderQueueInit
001024bc 00000074 t performTransfer
00102530 00000044 t transferTarget
00102574 00000024 t onVBlank1
00102598 0000003c t performClear
001025d4 00000040 t clearTarget
00102614 0000008c t onVBlank0
001026a0 000000c0 t updateFrameQueue.part.0
00102760 000000e0 t onRenderFinish
00102840 00000018 t onClearDone.part.2
00102840 00000018 t onTransferFinish.part.1
00102858 00000074 t onTransferFinish
001028cc 00000040 t onClearDone
0010290c 00000064 T C3D_FrameBegin
00102970 00000078 T C3D_FrameDrawOn
001029e8 000000d0 T C3D_FrameEnd
00102ab8 000000e4 T C3D_RenderTargetCreate
00102b9c 00000070 T C3D_RenderTargetDelete
00102c0c 00000090 t C3Di_RenderQueueExit
00102c9c 00000050 T C3D_RenderTargetSetClear
00102cec 00000058 T C3D_RenderTargetSetOutput
00102d44 00000034 T TexEnv_Init
00102d78 00000034 T C3D_GetTexEnv
00102dac 00000024 T C3Di_TexEnvBind
00102dd0 000000a0 T C3D_TexInitVRAM
00102e70 0000003c T C3D_TexDelete
00102eac 000002a8 T C3D_UpdateUniforms
00103154 000000c0 T C3Di_DirtyUniforms
00103214 000000d4 T C3Di_LoadShaderUniforms
001032e8 00000028 T C3Di_ClearShaderUniforms
00103310 00000104 T Mtx_OrthoTilt
00103414 0000002c T Mtx_Identity
00103440 00000070 T Mtx_Multiply
001034b0 00000024 t addrMapNodeComparator(rbtree_node const*, rbtree_node const*)
001034d4 00000004 t addrMapNodeDestructor(rbtree_node*)
001034d8 00000140 T linearMemAlign
00103618 00000008 T linearAlloc
00103620 00000050 T linearFree
00103670 000000a0 T MemPool::CoalesceRight(MemBlock*)
00103710 0000018c T MemPool::Allocate(MemChunk&, unsigned long, int)
0010389c 00000104 T MemPool::Deallocate(MemChunk const&)
001039a0 00000024 t addrMapNodeComparator(rbtree_node const*, rbtree_node const*)
001039c4 00000004 t addrMapNodeDestructor(rbtree_node*)
001039c8 00000130 T vramMemAlign
00103af8 00000008 T vramAlloc
00103b00 00000050 T vramFree
00103b50 0000008c t gfxSetFramebufferInfo.part.0
00103bdc 00000010 T gfxIs3D
00103bec 00000070 T gfxSetFramebufferInfo
00103c5c 00000088 T gfxWriteFramebufferInfo
00103ce4 000001d0 T gfxInit
00103eb4 00000010 T gfxInitDefault
00103ec4 000000e0 T gfxExit
00103fa4 000000b0 T gfxGetFramebuffer
00104054 00000070 T gfxConfigScreen
001040c4 00000058 t getSysTime
0010411c 0000004c T osConvertVirtToPhys
00104168 00000024 T osGetMemRegionUsed
00104190 000000f4 T __libctru_gtod
00104288 00000034 T __ctru_speedup_config
001042bc 0000002c T GPUCMD_SetBuffer
001042e8 00000040 T GPUCMD_GetBuffer
00104328 000000e4 T GPUCMD_Add
0010440c 00000098 T GPUCMD_Finalize
001044a4 00000040 T f32tof24
001044e4 00000040 T f32tof31
00104524 00000054 T GX_ProcessCommandList
00104578 00000060 T GX_MemoryFill
001045d8 00000050 T GX_DisplayTransfer
00104628 00000054 T GX_FlushCacheRegions
0010467c 00000048 t GPU_SetShaderOutmap
001046c4 000000b8 t GPU_SendShaderCode.constprop.0
0010477c 00000070 t GPU_SendOperandDescriptors.constprop.1
001047ec 0000023c T shaderInstanceInit
00104a28 00000038 T shaderInstanceFree
00104a60 00000018 T shaderInstanceGetUniformLocation
00104a78 00000018 T shaderProgramInit
00104a90 00000030 T shaderProgramFree
00104ac0 0000006c T shaderProgramSetVsh
00104b2c 00000340 T shaderProgramConfigure
00104e6c 0000003c T DVLB_Free
00104ea8 00000080 T DVLE_GetUniformRegister
00104f28 00000198 T DVLE_GenerateOutmap
001050c0 00000198 T DVLB_ParseFile
00105258 00000068 t __apt_initservicehandle
001052c0 00000004 W _aptDebug
001052c4 00000098 T aptInitCaptureInfo
0010535c 00000028 T aptWaitStatusEvent
00105384 00000060 T aptGetMenuAppID
001053e4 00000034 T aptHook
00105418 0000002c T aptUnhook
00105444 0000006c T aptSetStatus
001054b0 00000048 T APT_GetLockHandle
001054f8 00000060 T APT_Initialize
00105558 00000034 T APT_Finalize
0010558c 00000048 T APT_InquireNotification
001055d4 0000002c T APT_PrepareToJumpToHomeMenu
00105600 00000050 T APT_JumpToHomeMenu
00105650 00000034 T APT_PrepareToJumpToApplication
00105684 00000050 T APT_JumpToApplication
001056d4 00000034 T APT_NotifyToWait
00105708 0000007c T APT_AppletUtility
00105784 00000188 T aptAppletUtility_Exit_RetToApp
0010590c 0000003c T aptAppletClosed
00105948 00000114 t aptAppStarted
00105a5c 00000298 T aptInit
00105cf4 0000006c T APT_ReceiveParameter
00105d60 00000064 T APT_SendParameter
00105dc4 00000044 T APT_SendCaptureBufferInfo
00105e08 00000264 T aptReturnToMenu
0010606c 00000038 T APT_ReplySleepQuery
001060a4 00000034 T APT_ReplySleepNotificationComplete
001060d8 000003f4 T aptEventHandler
001064cc 00000034 T APT_PrepareToCloseApplication
00106500 00000050 T APT_CloseApplication
00106550 000002d0 T aptExit
00106820 0000006c T APT_CheckNew3DS_System
0010688c 0000008c T APT_CheckNew3DS
00106918 00000054 T APT_StartLibraryApplet
0010696c 00000174 T aptAppletStarted
00106ae0 000001a4 T aptMainLoop
00106c84 00000124 t gspEventThreadMain
00106da8 00000074 T gspInit
00106e1c 0000003c T gspExit
00106e58 00000034 T gspSetEventCallback
00106e8c 000000d0 T gspInitEventHandler
00106f5c 0000005c T gspExitEventHandler
00106fb8 00000058 T gspWaitForEvent
00107010 00000058 T gspWaitForAnyEvent
00107068 00000128 T gspSubmitGxCommand
00107190 0000006c T GSPGPU_SetBufferSwap
001071fc 00000034 T GSPGPU_SetLcdForceBlack
00107230 00000064 T GSPGPU_RegisterInterruptRelayQueue
00107294 0000002c T GSPGPU_UnregisterInterruptRelayQueue
001072c0 00000048 T GSPGPU_AcquireRight
00107308 0000002c T GSPGPU_ReleaseRight
00107334 00000080 T GSPGPU_ImportDisplayCaptureInfo
001073b4 0000002c T GSPGPU_SaveVramSysArea
001073e0 0000002c T GSPGPU_RestoreVramSysArea
0010740c 000000d8 T hidExit
001074e4 00000238 T hidScanInput
0010771c 00000010 T hidKeysDown
0010772c 00000090 T HIDUSER_GetHandles
001077bc 00000184 T hidInit
00107940 000000b0 T irrstScanInput
001079f0 0000001c T irrstKeysHeld
00107a0c 00000050 T IRRST_GetHandles
00107a5c 00000148 T irrstInit
00107ba4 0000002c T IRRST_Shutdown
00107bd0 000000b0 T irrstExit
00107c80 00000070 T ptmSysmInit
00107cf0 00000034 T ptmSysmExit
00107d24 00000034 T PTMSYSM_ConfigureNew3DSCPU
00107d58 00000070 T rbtree_find
00107dc8 00000014 T rbtree_init
00107ddc 000001d4 t do_insert
00107fb0 00000008 T rbtree_insert
00107fb8 0000035c T rbtree_remove
00108314 000000ac T rbtree_rotate
001083c0 00000058 t osGetMemRegionSize
00108418 00000124 W __system_allocateHeaps
0010853c 000000f4 T __system_initArgv
00108630 00000038 W __libctru_init
00108668 00000030 t __ctru_get_reent
00108698 000000e8 T __system_initSyscalls
00108780 T svcControlMemory
001087a0 T svcExitProcess
001087a8 T svcCreateThread
001087c8 T svcExitThread
001087d0 T svcCreateEvent
001087e4 T svcSignalEvent
001087ec T svcClearEvent
001087f4 T svcMapMemoryBlock
001087fc T svcUnmapMemoryBlock
00108804 T svcCreateAddressArbiter
00108818 T svcArbitrateAddress
00108830 T svcCloseHandle
00108838 T svcWaitSynchronization
00108840 T svcWaitSynchronizationN
00108868 T svcDuplicateHandle
0010887c T svcGetSystemTick
00108884 T svcGetSystemInfo
0010889c T svcConnectToPort
001088b0 T svcSendSyncRequest
001088b8 T svcBreak
001088c0 00000024 t addrMapNodeComparator(rbtree_node const*, rbtree_node const*)
001088e4 00000004 t addrMapNodeDestructor(rbtree_node*)
001088e8 000000f4 T mappableAlloc
001089dc 00000050 T mappableFree
00108a2c 00000094 T envGetHandle
00108ac0 0000004c T envDestroyHandles
00108b0c 00000050 T srvExit
00108b5c 00000038 T srvRegisterClient
00108b94 00000070 T srvInit
00108c04 00000068 T srvGetServiceHandleDirect
00108c6c 00000038 T srvGetServiceHandle
00108ca4 00000034 t LightLock_Unlock.part.1
00108cd8 0000000c T __sync_init
00108ce4 00000018 T __sync_fini
00108cfc 00000018 T LightLock_Init
00108d14 00000094 T LightLock_Lock
00108da8 00000034 T LightLock_TryLock
00108ddc 00000020 T LightLock_Unlock
00108dfc 00000024 T RecursiveLock_Init
00108e20 00000030 T RecursiveLock_Lock
00108e50 00000058 T RecursiveLock_TryLock
00108ea8 00000038 T RecursiveLock_Unlock
00108ee0 000001c8 T threadCreate
001090a8 00000024 T threadJoin
001090cc 0000006c T threadExit
00109138 0000003c t _thread_begin
00109174 0000008c T rbtree_node_next
00109200 0000001c W __appExit
0010921c 0000001c W __appInit
00109238 000000a4 W __libctru_exit
001092dc 00000010 t sdmc_link
001092ec 00000010 t sdmc_dirreset
001092fc 00000010 t sdmc_chmod
0010930c 00000010 t sdmc_fchmod
0010931c 00000024 t error_cmp
00109340 00000050 t sdmc_translate_error
00109390 00000034 t sdmc_fsync
001093c4 00000054 t sdmc_ftruncate
00109418 000000ac t sdmc_statvfs
001094c4 00000038 t sdmc_dirclose
001094fc 000000e0 t sdmc_dirnext
001095dc 00000034 t sdmc_close
00109610 00000074 t sdmc_fstat
00109684 000000c0 t sdmc_seek
00109744 0000008c t sdmc_read
001097d0 00000108 t sdmc_write
001098d8 000001b4 t sdmc_utf16path
00109a8c 00000080 t sdmc_rmdir
00109b0c 0000009c t sdmc_diropen
00109ba8 000000a8 t sdmc_chdir
00109c50 00000084 t sdmc_mkdir
00109cd4 00000138 t sdmc_rename
00109e0c 00000080 t sdmc_unlink
00109e8c 00000120 t sdmc_stat
00109fac 000001ac t sdmc_open
0010a158 00000134 T sdmcInit
0010a28c 00000050 T sdmcExit
0010a2dc 000000c8 T fsInit
0010a3a4 00000034 T fsExit
0010a3d8 000000dc T FSUSER_OpenFile
0010a4b4 000000b8 T FSUSER_DeleteFile
0010a56c 000000f4 T FSUSER_RenameFile
0010a660 000000b8 T FSUSER_DeleteDirectory
0010a718 000000d0 T FSUSER_CreateFile
0010a7e8 000000c0 T FSUSER_CreateDirectory
0010a8a8 000000f4 T FSUSER_RenameDirectory
0010a99c 000000c4 T FSUSER_OpenDirectory
0010aa60 000000bc T FSUSER_OpenArchive
0010ab1c 00000088 T FSUSER_CloseArchive
0010aba4 0000008c T FSUSER_GetSdmcArchiveResource
0010ac30 00000064 T FSUSER_IsSdmcWritable
0010ac94 0000005c T FSFILE_Read
0010acf0 00000064 T FSFILE_Write
0010ad54 0000003c T FSFILE_GetSize
0010ad90 0000002c T FSFILE_SetSize
0010adbc 0000003c T FSFILE_Close
0010adf8 00000024 T FSFILE_Flush
0010ae1c 00000054 T FSDIR_Read
0010ae70 0000003c T FSDIR_Close
0010aeac 00000138 T decode_utf8
0010afe4 000000e4 T utf16_to_utf8
0010b0c8 000000bc T utf8_to_utf16
0010b184 T __aeabi_read_tp
0010b190 00000060 T decode_utf16
0010b1f0 00000068 T encode_utf16
0010b258 00000104 T encode_utf8
0010b35c 00000078 T bsearch
0010b3d4 00000020 T calloc
0010b3f4 00000090 T _calloc_r
0010b484 0000003c T __libc_fini_array
0010b4c0 00000078 T __libc_init_array
0010b538 00000020 T memalign
0010b558 0000015c T _memalign_r
0010b6b4 00000018 T malloc
0010b6cc 00000018 T free
0010b6e4 000007a8 T _malloc_r
0010be8c 000000f0 T memcpy
0010bf7c 000000f4 T memset
0010c070 0000000c T __malloc_lock
0010c07c 0000000c T __malloc_unlock
0010c088 0000005c T strlen
0010c0e4 000000a4 T strncat
0010c188 000000e0 T strncpy
0010c268 000000f8 T _malloc_trim_r
0010c360 000002e4 T _free_r
0010c644 0000015c T strchr
0010c7a0 0000011c T strncmp
0010c8bc 0000005c T strnlen
0010c918 00000044 T strrchr
0010c95c T _fini
0010d000 R vshader_shbin
0010d124 R vshader_shbin_end
0010d124 R vshader_shbin_size
0010d128 00000003 r parm.9699
0010d12c 00000004 r CSWTCH.7
0010d130 00000005 r colorFmtSizes
0010d138 00000004 r depthFmtSizes
0010d13c 00000014 r CSWTCH.2
0010d150 00000014 r CSWTCH.21
0010d164 00000008 r framebufferInfoSt
0010d16c 00000024 r CSWTCH.14
0010d190 0000000c r __apt_servicenames
0010d19c 00000030 r error_table
0010d1cc 00000068 R dotab_stdnull
0010d234 00000003 R DIRECTORY_PARENT
0010d238 00000002 R DIRECTORY_THIS
0010d23c 00000002 R DIRECTORY_SEPARATOR
0010d2c0 00000101 R _ctype_
0010d3c4 r __EH_FRAME_BEGIN__
0010d3c4 R __exidx_end
0010d3c4 R __exidx_start
0010e000 00000001 d topFormat
0010e001 00000001 d botFormat
0010e004 00000008 d doubleBuf
0010e00c W __stacksize__
0010e010 00000401 d __cwd
0010e418 00000018 d sdmcArchive
0010e430 00000068 d sdmc_devoptab
0010e498 00000004 d defaultDevice
0010e49c 00000040 D devoptab_list
0010e4dc 00001000 d _current_working_directory
0010f4e0 00000440 d impure_data
0010f920 00000004 D _impure_ptr
0010f924 00000408 D __malloc_av_
0010fd2c 00000004 D __malloc_trim_threshold
0010fd30 00000004 D __malloc_sbrk_base
0010fd34 0000000c d __malloc_lock_object
0010fd40 00000004 D __ctype_ptr__
0010fd44 d __JCR_LIST__
0010fd44 D __TMC_END__
0010fd44 d __TMC_LIST__
0010fd44 t __frame_dummy_init_array_entry
0010fd44 T __init_array_start
0010fd44 B __preinit_array_end
0010fd44 B __preinit_array_start
0010fd44 D __tdata_lma
0010fd44 D __tdata_lma_end
0010fd48 t __do_global_dtors_aux_fini_array_entry
0010fd48 T __fini_array_start
0010fd48 T __init_array_end
0010fd4c T __bss_start__
0010fd4c T __fini_array_end
0010fd4c b completed.6505
0010fd50 b object.6510
0010fd68 00000004 b vshader_dvlb
0010fd6c 00000014 b program
0010fd80 00000004 b uLoc_projection
0010fd84 00000040 b projection
0010fdc4 0000000c b hookCookie
0010fdd0 00000004 b transferQueue
0010fdd4 0000000c b linkedTarget
0010fde0 00000004 b clearQueue
0010fde4 0000004c b temp.10330
0010fe30 00000001 b queueSwap
0010fe34 00000020 b queuedFrame
0010fe54 00000001 b queuedState
0010fe55 00000001 b queuedCount
0010fe56 00000001 b inFrame
0010fe58 00000004 b lastTarget
0010fe5c 00000004 b firstTarget
0010fe60 00000018 b C3Di_ShaderFVecData
0010fe78 000000c0 b C3Di_FVUnifEverDirty
0010ff38 00000008 b C3Di_IVUnifEverDirty
0010ff40 00000008 b sLinearPool
0010ff48 0000000c b sAddrMap
0010ff54 00000008 b sVramPool
0010ff5c 0000000c b sAddrMap
0010ff68 00000001 b enable3d
0010ff6c 00000004 b screenFree
0010ff70 00000002 b currentBuffer
0010ff74 00000001 V __ctru_speedup
0010ff78 00000004 b __apt_servicestr
0010ff7c 0000000c b aptFirstHook
0010ff88 00000001 B aptStatus
0010ff8c 00000004 b aptRefCount
0010ff90 00000002 b __apt_launchapplet_appID
0010ff94 00000020 b __ns_capinfo
0010ffb4 00000001 B aptStatusBeforeSleep
0010ffb8 00000004 b __apt_launchapplet_parambuf
0010ffbc 00000004 b __apt_launchapplet_parambufsize
0010ffc0 00000004 b __apt_new3dsflag_initialized
0010ffc4 00000001 b __apt_new3dsflag
0010ffc8 00000004 b __apt_launchapplet_inhandle
0010ffcc 00000004 b gspEvent
0010ffd0 00000004 b gspEventData
0010ffd4 00000004 b gspRefCount
0010ffd8 00000004 b hidRefCount
0010ffdc 00000004 b kOld
0010ffe0 00000004 b kHeld
0010ffe4 00000004 b cPos
0010ffe8 00000004 b tPos
0010ffec 00000006 b aVec
0010fff4 00000006 b gRate
0010fffc 00000004 b kDown
00110000 00000004 b kUp
00110004 00000004 b irrstRefCount
00110008 00000004 b kHeld
0011000c 00000004 b csPos
00110010 00000004 b ptmSysmRefCount
00110014 00000004 b ptmSysmHandle
00110018 b saved_stack
00110020 00000008 b sMappablePool
00110028 0000000c b sAddrMap
00110034 00000004 b srvRefCount
00110038 00000004 b srvHandle
0011003c 00000004 b arbiter
00110040 00000001 b sdmcInitialised
00110044 00000004 b fsuRefCount
00110048 00000004 b fsuHandle
0011004c 00000004 b heap_start.5704
00110050 00000004 B fake_heap_start
00110054 00000004 B fake_heap_end
00110058 00001000 b temp_cwd
00111058 00000038 B __syscalls
00111090 00000004 B __malloc_max_total_mem
00111094 00000004 B __malloc_max_sbrked_mem
00111098 00000004 B __malloc_top_pad
0011109c 00000028 B __malloc_current_mallinfo
001110c8 00000268 B __C3D_Context
00111330 00000020 B C3D_IVUnif
00111350 000000c0 B C3D_FVUnifDirty
00111410 00000002 B C3D_BoolUnifsDirty
00111414 00000008 B C3D_IVUnifDirty
0011141c 00000004 B C3D_BoolUnifs
00111420 00000c00 B C3D_FVUnif
00112020 00000008 B gfxBottomFramebuffers
00112028 00000004 B gspSharedMemHandle
0011202c 0000001c B bottomFramebufferInfo
00112048 00000004 B gspEvent
0011204c 00000008 B gfxTopLeftFramebuffers
00112054 00000008 B gfxTopRightFramebuffers
0011205c 0000001c B topFramebufferInfo
00112078 00000001 B gfxThreadID
0011207c 00000004 B gfxSharedMemory
00112080 00000004 B gpuCmdBuf
00112084 00000004 B gpuCmdBufOffset
00112088 00000004 B gpuCmdBufSize
0011208c 00000004 B gxCmdBuf
00112090 00000004 B aptEventHandlerThread
00112094 00000004 B aptSleepSync
00112098 00001000 B aptParameters
00113098 00000004 B aptuHandle
0011309c 0000000c B aptEvents
001130a8 00000004 B aptStatusEvent
001130ac 00000004 B aptStatusPower
001130b0 00000004 B aptStatusMutex
001130b4 00000004 B aptLockHandle
001130b8 00000002 B currentAppId
001130bc 00000007 B gspEventCbOneShot
001130c4 0000001c B gspEventCb
001130e0 00000004 B gspGpuHandle
001130e4 00000004 B gspEventThread
001130e8 0000001c B gspEventCounts
00113104 0000001c B gspEvents
00113120 00000001 B gspRunEvents
00113124 0000001c B gspEventCbData
00113140 00000004 B hidMemHandle
00113144 00000004 B hidHandle
00113148 00000004 B hidSharedMem
0011314c 00000014 B hidEvents
00113160 00000004 B irrstHandle
00113164 00000004 B irrstEvent
00113168 00000004 B irrstMemHandle
0011316c 00000004 B irrstSharedMem
00113170 00000004 B __ctru_heap_size
00113174 00000004 B __ctru_linear_heap
00113178 00000004 B __ctru_heap
0011317c 00000004 B __ctru_linear_heap_size
00113180 00000004 B __system_argv
00113184 00000004 B __system_argc
00113188 00000004 B __system_retAddr
0011318c B __tls_start
00116598 B __bss_end__
00116598 A __end__
00116598 B __tls_end
